ISim log file
Running: D:\College T6\Computer Architecture\CPU\SingleCycleMips_Mohammed_Komsany_18102754\MIPS_Mohammed_Komsany_18102754_isim_beh.exe -intstyle ise -gui -tclbatch isim.cmd -wdb D:/College T6/Computer Architecture/CPU/SingleCycleMips_Mohammed_Komsany_18102754/MIPS_Mohammed_Komsany_18102754_isim_beh.wdb 
ISim P.58f (signature 0x7708f090)
This is a Full version of ISim.
Time resolution is 1 ps
# onerror resume
# wave add /
# run 1000 ns
Simulator is doing circuit initialization process.
at 0 ps, Instance /mips_mohammed_komsany_18102754/Instruction_Memory/ : Warning: NUMERIC_STD.TO_INTEGER: metavalue detected, returning 0
at 0 ps, Instance /mips_mohammed_komsany_18102754/Instruction_Memory/ : Warning: NUMERIC_STD.TO_INTEGER: metavalue detected, returning 0
at 0 ps, Instance /mips_mohammed_komsany_18102754/Instruction_Memory/ : Warning: NUMERIC_STD.TO_INTEGER: metavalue detected, returning 0
at 0 ps, Instance /mips_mohammed_komsany_18102754/Instruction_Memory/ : Warning: NUMERIC_STD.TO_INTEGER: metavalue detected, returning 0
at 0 ps, Instance /mips_mohammed_komsany_18102754/PC_Add_4/ : Warning: NUMERIC_STD.TO_INTEGER: metavalue detected, returning 0
at 0 ps, Instance /mips_mohammed_komsany_18102754/Branch_target_addr/ : Warning: NUMERIC_STD.TO_INTEGER: metavalue detected, returning 0
at 0 ps, Instance /mips_mohammed_komsany_18102754/Branch_target_addr/ : Warning: NUMERIC_STD.TO_INTEGER: metavalue detected, returning 0
at 0 ps, Instance /mips_mohammed_komsany_18102754/Register_File/ : Warning: NUMERIC_STD.TO_INTEGER: metavalue detected, returning 0
at 0 ps, Instance /mips_mohammed_komsany_18102754/Register_File/ : Warning: NUMERIC_STD.TO_INTEGER: metavalue detected, returning 0
Finished circuit initialization process.
at 0 ps, Instance /mips_mohammed_komsany_18102754/Branch_target_addr/ : Warning: NUMERIC_STD.TO_INTEGER: metavalue detected, returning 0
at 0 ps, Instance /mips_mohammed_komsany_18102754/Branch_target_addr/ : Warning: NUMERIC_STD.TO_INTEGER: metavalue detected, returning 0
# isim force add /mips_mohammed_komsany_18102754/clk 1 -radix bin -value 0 -radix bin -time 500 ps -repeat 1 ns
# isim force add /mips_mohammed_komsany_18102754/clk 1 -radix bin -value 0 -radix bin -time 500 ps -repeat 1 ns
# run
ERROR: Index 128 out of bound 0 to 127. 
ERROR: In process InstructionMemoryUnit_LB6_Mohammed_Komsany_18102754.vhd:61 
 
INFO: Simulator is stopped.
