Command line:
   MIPS_Mohammed_Komsany_18102754_isim_beh.exe
     -simmode  gui
     -simrunnum  0
     -socket  63342

Tue Jun 08 22:27:28 2021


 Elaboration Time: 0.046875 sec

 Current Memory Usage: 5150.15 Meg

 Total Signals          : 102
 Total Nets             : 3611
 Total Signal Drivers   : 32
 Total Blocks           : 21
 Total Primitive Blocks : 20
 Total Processes        : 19
 Total Traceable Variables  : 15
 Total Scalar Nets and Variables : 4112
In process InstructionMemoryUnit_LB6_Mohammed_Komsany_18102754.vhd:61 
 

 Total Simulation Time: 0.109375 sec

 Current Memory Usage: 4992.87 Meg

Tue Jun 08 22:28:54 2021

